<?xml version="1.0" encoding="UTF-8"?>
<!-- Generated by org.testng.reporters.JUnitXMLReporter -->
<testsuite hostname="DESKTOP-PI0I6SN" ignored="1" name="Default test" tests="6" failures="0" timestamp="2022-03-24T11:19:10 IST" time="24.121" errors="0">
  <testcase name="login" time="13.16" classname="API_test.herokuapp"/>
  <testcase name="get_all_orders" time="3.04" classname="API_test.herokuapp"/>
  <testcase name="create_order" time="2.104" classname="API_test.herokuapp"/>
  <testcase name="get_order_by_id" time="2.016" classname="API_test.herokuapp"/>
  <testcase name="update_order_by_id" time="1.667" classname="API_test.herokuapp"/>
  <testcase name="delete" time="1.619" classname="API_test.herokuapp"/>
  <testcase name="signup" time="0.0" classname="API_test.herokuapp">
    <ignored/>
  </testcase> <!-- signup -->
</testsuite> <!-- Default test -->
